{"/home/runner/work/courier_frontend/courier_frontend/src/App.js": {"path":"/home/runner/work/courier_frontend/courier_frontend/src/App.js","statementMap":{"0":{"start":{"line":12,"column":54},"end":{"line":12,"column":65}},"1":{"start":{"line":18,"column":32},"end":{"line":20,"column":5}},"2":{"start":{"line":19,"column":8},"end":{"line":19,"column":44}},"3":{"start":{"line":19,"column":34},"end":{"line":19,"column":42}},"4":{"start":{"line":22,"column":4},"end":{"line":43,"column":6}}},"fnMap":{"0":{"name":"App","decl":{"start":{"line":10,"column":9},"end":{"line":10,"column":12}},"loc":{"start":{"line":10,"column":15},"end":{"line":44,"column":1}},"line":10},"1":{"name":"(anonymous_1)","decl":{"start":{"line":18,"column":32},"end":{"line":18,"column":33}},"loc":{"start":{"line":18,"column":38},"end":{"line":20,"column":5}},"line":18},"2":{"name":"(anonymous_2)","decl":{"start":{"line":19,"column":26},"end":{"line":19,"column":27}},"loc":{"start":{"line":19,"column":34},"end":{"line":19,"column":42}},"line":19}},"branchMap":{},"s":{"0":1,"1":1,"2":0,"3":0,"4":1},"f":{"0":1,"1":0,"2":0},"b":{},"_coverageSchema":"1a1c01bbd47fc00a2c39e90264f33305004495a9","hash":"afea614cf4807963ee3d14be7ece49ac16786c07"}
,"/home/runner/work/courier_frontend/courier_frontend/src/index.js": {"path":"/home/runner/work/courier_frontend/courier_frontend/src/index.js","statementMap":{"0":{"start":{"line":10,"column":13},"end":{"line":10,"column":65}},"1":{"start":{"line":11,"column":0},"end":{"line":15,"column":2}}},"fnMap":{},"branchMap":{},"s":{"0":0,"1":0},"f":{},"b":{}}
,"/home/runner/work/courier_frontend/courier_frontend/src/components/EditParcelModal.js": {"path":"/home/runner/work/courier_frontend/courier_frontend/src/components/EditParcelModal.js","statementMap":{"0":{"start":{"line":8,"column":24},"end":{"line":164,"column":1}},"1":{"start":{"line":9,"column":36},"end":{"line":16,"column":6}},"2":{"start":{"line":18,"column":44},"end":{"line":18,"column":59}},"3":{"start":{"line":19,"column":30},"end":{"line":19,"column":42}},"4":{"start":{"line":21,"column":4},"end":{"line":32,"column":17}},"5":{"start":{"line":22,"column":8},"end":{"line":31,"column":9}},"6":{"start":{"line":23,"column":12},"end":{"line":30,"column":15}},"7":{"start":{"line":34,"column":25},"end":{"line":40,"column":5}},"8":{"start":{"line":35,"column":32},"end":{"line":35,"column":40}},"9":{"start":{"line":36,"column":8},"end":{"line":39,"column":11}},"10":{"start":{"line":42,"column":25},"end":{"line":57,"column":5}},"11":{"start":{"line":43,"column":8},"end":{"line":43,"column":27}},"12":{"start":{"line":44,"column":8},"end":{"line":44,"column":30}},"13":{"start":{"line":45,"column":8},"end":{"line":45,"column":21}},"14":{"start":{"line":47,"column":8},"end":{"line":56,"column":9}},"15":{"start":{"line":48,"column":12},"end":{"line":48,"column":52}},"16":{"start":{"line":49,"column":12},"end":{"line":49,"column":23}},"17":{"start":{"line":50,"column":12},"end":{"line":50,"column":22}},"18":{"start":{"line":52,"column":12},"end":{"line":52,"column":67}},"19":{"start":{"line":53,"column":12},"end":{"line":53,"column":57}},"20":{"start":{"line":55,"column":12},"end":{"line":55,"column":35}},"21":{"start":{"line":59,"column":4},"end":{"line":163,"column":6}}},"fnMap":{"0":{"name":"(anonymous_0)","decl":{"start":{"line":8,"column":24},"end":{"line":8,"column":25}},"loc":{"start":{"line":8,"column":59},"end":{"line":164,"column":1}},"line":8},"1":{"name":"(anonymous_1)","decl":{"start":{"line":21,"column":14},"end":{"line":21,"column":15}},"loc":{"start":{"line":21,"column":20},"end":{"line":32,"column":5}},"line":21},"2":{"name":"(anonymous_2)","decl":{"start":{"line":34,"column":25},"end":{"line":34,"column":26}},"loc":{"start":{"line":34,"column":32},"end":{"line":40,"column":5}},"line":34},"3":{"name":"(anonymous_3)","decl":{"start":{"line":42,"column":25},"end":{"line":42,"column":26}},"loc":{"start":{"line":42,"column":38},"end":{"line":57,"column":5}},"line":42}},"branchMap":{"0":{"loc":{"start":{"line":22,"column":8},"end":{"line":31,"column":9}},"type":"if","locations":[{"start":{"line":22,"column":8},"end":{"line":31,"column":9}},{"start":{},"end":{}}],"line":22},"1":{"loc":{"start":{"line":24,"column":28},"end":{"line":24,"column":51}},"type":"binary-expr","locations":[{"start":{"line":24,"column":28},"end":{"line":24,"column":45}},{"start":{"line":24,"column":49},"end":{"line":24,"column":51}}],"line":24},"2":{"loc":{"start":{"line":25,"column":30},"end":{"line":25,"column":55}},"type":"binary-expr","locations":[{"start":{"line":25,"column":30},"end":{"line":25,"column":49}},{"start":{"line":25,"column":53},"end":{"line":25,"column":55}}],"line":25},"3":{"loc":{"start":{"line":26,"column":35},"end":{"line":26,"column":65}},"type":"binary-expr","locations":[{"start":{"line":26,"column":35},"end":{"line":26,"column":59}},{"start":{"line":26,"column":63},"end":{"line":26,"column":65}}],"line":26},"4":{"loc":{"start":{"line":27,"column":30},"end":{"line":27,"column":55}},"type":"binary-expr","locations":[{"start":{"line":27,"column":30},"end":{"line":27,"column":49}},{"start":{"line":27,"column":53},"end":{"line":27,"column":55}}],"line":27},"5":{"loc":{"start":{"line":28,"column":24},"end":{"line":28,"column":51}},"type":"binary-expr","locations":[{"start":{"line":28,"column":24},"end":{"line":28,"column":37}},{"start":{"line":28,"column":41},"end":{"line":28,"column":51}}],"line":28},"6":{"loc":{"start":{"line":29,"column":31},"end":{"line":29,"column":57}},"type":"binary-expr","locations":[{"start":{"line":29,"column":31},"end":{"line":29,"column":51}},{"start":{"line":29,"column":55},"end":{"line":29,"column":57}}],"line":29},"7":{"loc":{"start":{"line":67,"column":17},"end":{"line":67,"column":74}},"type":"binary-expr","locations":[{"start":{"line":67,"column":17},"end":{"line":67,"column":22}},{"start":{"line":67,"column":26},"end":{"line":67,"column":74}}],"line":67},"8":{"loc":{"start":{"line":157,"column":29},"end":{"line":157,"column":75}},"type":"cond-expr","locations":[{"start":{"line":157,"column":44},"end":{"line":157,"column":57}},{"start":{"line":157,"column":60},"end":{"line":157,"column":75}}],"line":157}},"s":{"0":0,"1":0,"2":0,"3":0,"4":0,"5":0,"6":0,"7":0,"8":0,"9":0,"10":0,"11":0,"12":0,"13":0,"14":0,"15":0,"16":0,"17":0,"18":0,"19":0,"20":0,"21":0},"f":{"0":0,"1":0,"2":0,"3":0},"b":{"0":[0,0],"1":[0,0],"2":[0,0],"3":[0,0],"4":[0,0],"5":[0,0],"6":[0,0],"7":[0,0],"8":[0,0]}}
,"/home/runner/work/courier_frontend/courier_frontend/src/components/ParcelForm.js": {"path":"/home/runner/work/courier_frontend/courier_frontend/src/components/ParcelForm.js","statementMap":{"0":{"start":{"line":10,"column":19},"end":{"line":187,"column":1}},"1":{"start":{"line":12,"column":36},"end":{"line":19,"column":6}},"2":{"start":{"line":22,"column":44},"end":{"line":22,"column":59}},"3":{"start":{"line":23,"column":30},"end":{"line":23,"column":42}},"4":{"start":{"line":24,"column":34},"end":{"line":24,"column":46}},"5":{"start":{"line":29,"column":25},"end":{"line":35,"column":5}},"6":{"start":{"line":30,"column":32},"end":{"line":30,"column":40}},"7":{"start":{"line":31,"column":8},"end":{"line":34,"column":11}},"8":{"start":{"line":41,"column":25},"end":{"line":77,"column":5}},"9":{"start":{"line":42,"column":8},"end":{"line":42,"column":27}},"10":{"start":{"line":43,"column":8},"end":{"line":43,"column":30}},"11":{"start":{"line":44,"column":8},"end":{"line":44,"column":21}},"12":{"start":{"line":45,"column":8},"end":{"line":45,"column":23}},"13":{"start":{"line":47,"column":8},"end":{"line":76,"column":9}},"14":{"start":{"line":49,"column":12},"end":{"line":49,"column":41}},"15":{"start":{"line":52,"column":12},"end":{"line":52,"column":55}},"16":{"start":{"line":55,"column":12},"end":{"line":62,"column":15}},"17":{"start":{"line":65,"column":12},"end":{"line":67,"column":13}},"18":{"start":{"line":66,"column":16},"end":{"line":66,"column":34}},"19":{"start":{"line":70,"column":12},"end":{"line":70,"column":51}},"20":{"start":{"line":70,"column":29},"end":{"line":70,"column":43}},"21":{"start":{"line":72,"column":12},"end":{"line":72,"column":67}},"22":{"start":{"line":73,"column":12},"end":{"line":73,"column":57}},"23":{"start":{"line":75,"column":12},"end":{"line":75,"column":35}},"24":{"start":{"line":79,"column":4},"end":{"line":186,"column":6}}},"fnMap":{"0":{"name":"(anonymous_0)","decl":{"start":{"line":10,"column":19},"end":{"line":10,"column":20}},"loc":{"start":{"line":10,"column":44},"end":{"line":187,"column":1}},"line":10},"1":{"name":"(anonymous_1)","decl":{"start":{"line":29,"column":25},"end":{"line":29,"column":26}},"loc":{"start":{"line":29,"column":32},"end":{"line":35,"column":5}},"line":29},"2":{"name":"(anonymous_2)","decl":{"start":{"line":41,"column":25},"end":{"line":41,"column":26}},"loc":{"start":{"line":41,"column":38},"end":{"line":77,"column":5}},"line":41},"3":{"name":"(anonymous_3)","decl":{"start":{"line":70,"column":23},"end":{"line":70,"column":24}},"loc":{"start":{"line":70,"column":29},"end":{"line":70,"column":43}},"line":70}},"branchMap":{"0":{"loc":{"start":{"line":65,"column":12},"end":{"line":67,"column":13}},"type":"if","locations":[{"start":{"line":65,"column":12},"end":{"line":67,"column":13}},{"start":{},"end":{}}],"line":65},"1":{"loc":{"start":{"line":84,"column":13},"end":{"line":84,"column":76}},"type":"binary-expr","locations":[{"start":{"line":84,"column":13},"end":{"line":84,"column":20}},{"start":{"line":84,"column":24},"end":{"line":84,"column":76}}],"line":84},"2":{"loc":{"start":{"line":87,"column":13},"end":{"line":87,"column":70}},"type":"binary-expr","locations":[{"start":{"line":87,"column":13},"end":{"line":87,"column":18}},{"start":{"line":87,"column":22},"end":{"line":87,"column":70}}],"line":87},"3":{"loc":{"start":{"line":181,"column":25},"end":{"line":181,"column":71}},"type":"cond-expr","locations":[{"start":{"line":181,"column":40},"end":{"line":181,"column":53}},{"start":{"line":181,"column":56},"end":{"line":181,"column":71}}],"line":181}},"s":{"0":0,"1":0,"2":0,"3":0,"4":0,"5":0,"6":0,"7":0,"8":0,"9":0,"10":0,"11":0,"12":0,"13":0,"14":0,"15":0,"16":0,"17":0,"18":0,"19":0,"20":0,"21":0,"22":0,"23":0,"24":0},"f":{"0":0,"1":0,"2":0,"3":0},"b":{"0":[0,0],"1":[0,0],"2":[0,0],"3":[0,0]}}
,"/home/runner/work/courier_frontend/courier_frontend/src/components/ParcelList.js": {"path":"/home/runner/work/courier_frontend/courier_frontend/src/components/ParcelList.js","statementMap":{"0":{"start":{"line":12,"column":19},"end":{"line":184,"column":1}},"1":{"start":{"line":14,"column":34},"end":{"line":14,"column":46}},"2":{"start":{"line":17,"column":38},"end":{"line":17,"column":52}},"3":{"start":{"line":18,"column":30},"end":{"line":18,"column":42}},"4":{"start":{"line":21,"column":48},"end":{"line":21,"column":62}},"5":{"start":{"line":22,"column":50},"end":{"line":22,"column":65}},"6":{"start":{"line":28,"column":25},"end":{"line":41,"column":5}},"7":{"start":{"line":29,"column":8},"end":{"line":29,"column":27}},"8":{"start":{"line":30,"column":8},"end":{"line":30,"column":21}},"9":{"start":{"line":32,"column":8},"end":{"line":40,"column":9}},"10":{"start":{"line":33,"column":25},"end":{"line":33,"column":46}},"11":{"start":{"line":34,"column":12},"end":{"line":34,"column":29}},"12":{"start":{"line":36,"column":12},"end":{"line":36,"column":83}},"13":{"start":{"line":37,"column":12},"end":{"line":37,"column":58}},"14":{"start":{"line":39,"column":12},"end":{"line":39,"column":32}},"15":{"start":{"line":47,"column":23},"end":{"line":50,"column":5}},"16":{"start":{"line":48,"column":8},"end":{"line":48,"column":34}},"17":{"start":{"line":49,"column":8},"end":{"line":49,"column":33}},"18":{"start":{"line":55,"column":29},"end":{"line":58,"column":5}},"19":{"start":{"line":56,"column":8},"end":{"line":56,"column":34}},"20":{"start":{"line":57,"column":8},"end":{"line":57,"column":32}},"21":{"start":{"line":63,"column":32},"end":{"line":68,"column":5}},"22":{"start":{"line":64,"column":8},"end":{"line":64,"column":23}},"23":{"start":{"line":65,"column":8},"end":{"line":67,"column":9}},"24":{"start":{"line":66,"column":12},"end":{"line":66,"column":30}},"25":{"start":{"line":73,"column":25},"end":{"line":85,"column":5}},"26":{"start":{"line":75,"column":8},"end":{"line":84,"column":9}},"27":{"start":{"line":76,"column":12},"end":{"line":83,"column":13}},"28":{"start":{"line":77,"column":16},"end":{"line":77,"column":39}},"29":{"start":{"line":79,"column":16},"end":{"line":79,"column":31}},"30":{"start":{"line":81,"column":16},"end":{"line":81,"column":68}},"31":{"start":{"line":82,"column":16},"end":{"line":82,"column":61}},"32":{"start":{"line":91,"column":23},"end":{"line":99,"column":5}},"33":{"start":{"line":92,"column":8},"end":{"line":92,"column":36}},"34":{"start":{"line":92,"column":25},"end":{"line":92,"column":36}},"35":{"start":{"line":93,"column":21},"end":{"line":93,"column":41}},"36":{"start":{"line":94,"column":8},"end":{"line":98,"column":11}},"37":{"start":{"line":105,"column":27},"end":{"line":116,"column":5}},"38":{"start":{"line":106,"column":8},"end":{"line":115,"column":9}},"39":{"start":{"line":108,"column":16},"end":{"line":108,"column":41}},"40":{"start":{"line":110,"column":16},"end":{"line":110,"column":40}},"41":{"start":{"line":112,"column":16},"end":{"line":112,"column":42}},"42":{"start":{"line":114,"column":16},"end":{"line":114,"column":26}},"43":{"start":{"line":119,"column":4},"end":{"line":121,"column":25}},"44":{"start":{"line":120,"column":8},"end":{"line":120,"column":23}},"45":{"start":{"line":123,"column":4},"end":{"line":183,"column":6}},"46":{"start":{"line":141,"column":36},"end":{"line":167,"column":46}},"47":{"start":{"line":153,"column":66},"end":{"line":153,"column":84}},"48":{"start":{"line":160,"column":63},"end":{"line":160,"column":86}}},"fnMap":{"0":{"name":"(anonymous_0)","decl":{"start":{"line":12,"column":19},"end":{"line":12,"column":20}},"loc":{"start":{"line":12,"column":60},"end":{"line":184,"column":1}},"line":12},"1":{"name":"(anonymous_1)","decl":{"start":{"line":28,"column":25},"end":{"line":28,"column":26}},"loc":{"start":{"line":28,"column":37},"end":{"line":41,"column":5}},"line":28},"2":{"name":"(anonymous_2)","decl":{"start":{"line":47,"column":23},"end":{"line":47,"column":24}},"loc":{"start":{"line":47,"column":35},"end":{"line":50,"column":5}},"line":47},"3":{"name":"(anonymous_3)","decl":{"start":{"line":55,"column":29},"end":{"line":55,"column":30}},"loc":{"start":{"line":55,"column":35},"end":{"line":58,"column":5}},"line":55},"4":{"name":"(anonymous_4)","decl":{"start":{"line":63,"column":32},"end":{"line":63,"column":33}},"loc":{"start":{"line":63,"column":38},"end":{"line":68,"column":5}},"line":63},"5":{"name":"(anonymous_5)","decl":{"start":{"line":73,"column":25},"end":{"line":73,"column":26}},"loc":{"start":{"line":73,"column":39},"end":{"line":85,"column":5}},"line":73},"6":{"name":"(anonymous_6)","decl":{"start":{"line":91,"column":23},"end":{"line":91,"column":24}},"loc":{"start":{"line":91,"column":39},"end":{"line":99,"column":5}},"line":91},"7":{"name":"(anonymous_7)","decl":{"start":{"line":105,"column":27},"end":{"line":105,"column":28}},"loc":{"start":{"line":105,"column":39},"end":{"line":116,"column":5}},"line":105},"8":{"name":"(anonymous_8)","decl":{"start":{"line":119,"column":14},"end":{"line":119,"column":15}},"loc":{"start":{"line":119,"column":20},"end":{"line":121,"column":5}},"line":119},"9":{"name":"(anonymous_9)","decl":{"start":{"line":140,"column":45},"end":{"line":140,"column":46}},"loc":{"start":{"line":141,"column":36},"end":{"line":167,"column":46}},"line":141},"10":{"name":"(anonymous_10)","decl":{"start":{"line":153,"column":60},"end":{"line":153,"column":61}},"loc":{"start":{"line":153,"column":66},"end":{"line":153,"column":84}},"line":153},"11":{"name":"(anonymous_11)","decl":{"start":{"line":160,"column":57},"end":{"line":160,"column":58}},"loc":{"start":{"line":160,"column":63},"end":{"line":160,"column":86}},"line":160}},"branchMap":{"0":{"loc":{"start":{"line":65,"column":8},"end":{"line":67,"column":9}},"type":"if","locations":[{"start":{"line":65,"column":8},"end":{"line":67,"column":9}},{"start":{},"end":{}}],"line":65},"1":{"loc":{"start":{"line":75,"column":8},"end":{"line":84,"column":9}},"type":"if","locations":[{"start":{"line":75,"column":8},"end":{"line":84,"column":9}},{"start":{},"end":{}}],"line":75},"2":{"loc":{"start":{"line":92,"column":8},"end":{"line":92,"column":36}},"type":"if","locations":[{"start":{"line":92,"column":8},"end":{"line":92,"column":36}},{"start":{},"end":{}}],"line":92},"3":{"loc":{"start":{"line":106,"column":8},"end":{"line":115,"column":9}},"type":"switch","locations":[{"start":{"line":107,"column":12},"end":{"line":108,"column":41}},{"start":{"line":109,"column":12},"end":{"line":110,"column":40}},{"start":{"line":111,"column":12},"end":{"line":112,"column":42}},{"start":{"line":113,"column":12},"end":{"line":114,"column":26}}],"line":106},"4":{"loc":{"start":{"line":127,"column":13},"end":{"line":127,"column":70}},"type":"binary-expr","locations":[{"start":{"line":127,"column":13},"end":{"line":127,"column":18}},{"start":{"line":127,"column":22},"end":{"line":127,"column":70}}],"line":127},"5":{"loc":{"start":{"line":129,"column":13},"end":{"line":173,"column":13}},"type":"cond-expr","locations":[{"start":{"line":130,"column":16},"end":{"line":130,"column":65}},{"start":{"line":132,"column":16},"end":{"line":172,"column":19}}],"line":129},"6":{"loc":{"start":{"line":135,"column":21},"end":{"line":171,"column":21}},"type":"cond-expr","locations":[{"start":{"line":136,"column":24},"end":{"line":136,"column":101}},{"start":{"line":138,"column":24},"end":{"line":170,"column":30}}],"line":135},"7":{"loc":{"start":{"line":149,"column":76},"end":{"line":149,"column":103}},"type":"binary-expr","locations":[{"start":{"line":149,"column":76},"end":{"line":149,"column":96}},{"start":{"line":149,"column":100},"end":{"line":149,"column":103}}],"line":149},"8":{"loc":{"start":{"line":175,"column":17},"end":{"line":181,"column":17}},"type":"binary-expr","locations":[{"start":{"line":175,"column":17},"end":{"line":175,"column":32}},{"start":{"line":175,"column":36},"end":{"line":175,"column":50}},{"start":{"line":176,"column":20},"end":{"line":180,"column":22}}],"line":175}},"s":{"0":0,"1":0,"2":0,"3":0,"4":0,"5":0,"6":0,"7":0,"8":0,"9":0,"10":0,"11":0,"12":0,"13":0,"14":0,"15":0,"16":0,"17":0,"18":0,"19":0,"20":0,"21":0,"22":0,"23":0,"24":0,"25":0,"26":0,"27":0,"28":0,"29":0,"30":0,"31":0,"32":0,"33":0,"34":0,"35":0,"36":0,"37":0,"38":0,"39":0,"40":0,"41":0,"42":0,"43":0,"44":0,"45":0,"46":0,"47":0,"48":0},"f":{"0":0,"1":0,"2":0,"3":0,"4":0,"5":0,"6":0,"7":0,"8":0,"9":0,"10":0,"11":0},"b":{"0":[0,0],"1":[0,0],"2":[0,0],"3":[0,0,0,0],"4":[0,0],"5":[0,0],"6":[0,0],"7":[0,0],"8":[0,0,0]}}
,"/home/runner/work/courier_frontend/courier_frontend/src/services/parcelService.js": {"path":"/home/runner/work/courier_frontend/courier_frontend/src/services/parcelService.js","statementMap":{"0":{"start":{"line":9,"column":22},"end":{"line":15,"column":2}},"1":{"start":{"line":18,"column":0},"end":{"line":18,"column":72}},"2":{"start":{"line":24,"column":29},"end":{"line":32,"column":1}},"3":{"start":{"line":25,"column":4},"end":{"line":31,"column":5}},"4":{"start":{"line":26,"column":25},"end":{"line":26,"column":64}},"5":{"start":{"line":27,"column":8},"end":{"line":27,"column":29}},"6":{"start":{"line":29,"column":8},"end":{"line":29,"column":56}},"7":{"start":{"line":30,"column":8},"end":{"line":30,"column":20}},"8":{"start":{"line":39,"column":28},"end":{"line":47,"column":1}},"9":{"start":{"line":40,"column":4},"end":{"line":46,"column":5}},"10":{"start":{"line":41,"column":25},"end":{"line":41,"column":77}},"11":{"start":{"line":42,"column":8},"end":{"line":42,"column":29}},"12":{"start":{"line":44,"column":8},"end":{"line":44,"column":55}},"13":{"start":{"line":45,"column":8},"end":{"line":45,"column":20}},"14":{"start":{"line":54,"column":29},"end":{"line":62,"column":1}},"15":{"start":{"line":55,"column":4},"end":{"line":61,"column":5}},"16":{"start":{"line":56,"column":25},"end":{"line":56,"column":70}},"17":{"start":{"line":57,"column":8},"end":{"line":57,"column":29}},"18":{"start":{"line":59,"column":8},"end":{"line":59,"column":55}},"19":{"start":{"line":60,"column":8},"end":{"line":60,"column":20}},"20":{"start":{"line":70,"column":28},"end":{"line":78,"column":1}},"21":{"start":{"line":71,"column":4},"end":{"line":77,"column":5}},"22":{"start":{"line":72,"column":25},"end":{"line":72,"column":82}},"23":{"start":{"line":73,"column":8},"end":{"line":73,"column":29}},"24":{"start":{"line":75,"column":8},"end":{"line":75,"column":55}},"25":{"start":{"line":76,"column":8},"end":{"line":76,"column":20}},"26":{"start":{"line":85,"column":28},"end":{"line":92,"column":1}},"27":{"start":{"line":86,"column":4},"end":{"line":91,"column":5}},"28":{"start":{"line":87,"column":8},"end":{"line":87,"column":57}},"29":{"start":{"line":89,"column":8},"end":{"line":89,"column":55}},"30":{"start":{"line":90,"column":8},"end":{"line":90,"column":20}}},"fnMap":{"0":{"name":"(anonymous_0)","decl":{"start":{"line":24,"column":29},"end":{"line":24,"column":30}},"loc":{"start":{"line":24,"column":41},"end":{"line":32,"column":1}},"line":24},"1":{"name":"(anonymous_1)","decl":{"start":{"line":39,"column":28},"end":{"line":39,"column":29}},"loc":{"start":{"line":39,"column":50},"end":{"line":47,"column":1}},"line":39},"2":{"name":"(anonymous_2)","decl":{"start":{"line":54,"column":29},"end":{"line":54,"column":30}},"loc":{"start":{"line":54,"column":43},"end":{"line":62,"column":1}},"line":54},"3":{"name":"(anonymous_3)","decl":{"start":{"line":70,"column":28},"end":{"line":70,"column":29}},"loc":{"start":{"line":70,"column":54},"end":{"line":78,"column":1}},"line":70},"4":{"name":"(anonymous_4)","decl":{"start":{"line":85,"column":28},"end":{"line":85,"column":29}},"loc":{"start":{"line":85,"column":42},"end":{"line":92,"column":1}},"line":85}},"branchMap":{},"s":{"0":0,"1":0,"2":0,"3":0,"4":0,"5":0,"6":0,"7":0,"8":0,"9":0,"10":0,"11":0,"12":0,"13":0,"14":0,"15":0,"16":0,"17":0,"18":0,"19":0,"20":0,"21":0,"22":0,"23":0,"24":0,"25":0,"26":0,"27":0,"28":0,"29":0,"30":0},"f":{"0":0,"1":0,"2":0,"3":0,"4":0},"b":{}}
}
