TN:
SF:src\App.js
FN:10,App
FN:18,(anonymous_1)
FN:19,(anonymous_2)
FNF:3
FNH:1
FNDA:1,App
FNDA:0,(anonymous_1)
FNDA:0,(anonymous_2)
DA:12,1
DA:18,1
DA:19,0
DA:22,1
LF:4
LH:3
BRF:0
BRH:0
end_of_record
TN:
SF:src\components\ParcelForm.js
FN:10,(anonymous_0)
FN:29,(anonymous_1)
FN:41,(anonymous_2)
FN:70,(anonymous_3)
FNF:4
FNH:1
FNDA:2,(anonymous_0)
FNDA:0,(anonymous_1)
FNDA:0,(anonymous_2)
FNDA:0,(anonymous_3)
DA:10,1
DA:12,2
DA:22,2
DA:23,2
DA:24,2
DA:29,2
DA:30,0
DA:31,0
DA:41,2
DA:42,0
DA:43,0
DA:44,0
DA:45,0
DA:47,0
DA:49,0
DA:52,0
DA:55,0
DA:65,0
DA:66,0
DA:70,0
DA:72,0
DA:73,0
DA:75,0
DA:79,2
LF:24
LH:8
BRDA:65,0,0,0
BRDA:65,0,1,0
BRDA:84,1,0,2
BRDA:84,1,1,0
BRDA:87,2,0,2
BRDA:87,2,1,0
BRDA:181,3,0,0
BRDA:181,3,1,2
BRF:8
BRH:3
end_of_record
