TN:
SF:src\App.js
FN:10,App
FN:18,(anonymous_1)
FN:19,(anonymous_2)
FNF:3
FNH:1
FNDA:1,App
FNDA:0,(anonymous_1)
FNDA:0,(anonymous_2)
DA:12,1
DA:18,1
DA:19,0
DA:22,1
LF:4
LH:3
BRF:0
BRH:0
end_of_record
TN:
SF:src\components\ParcelForm.js
FN:10,(anonymous_0)
FN:29,(anonymous_1)
FN:41,(anonymous_2)
FN:70,(anonymous_3)
FNF:4
FNH:3
FNDA:10,(anonymous_0)
FNDA:4,(anonymous_1)
FNDA:1,(anonymous_2)
FNDA:0,(anonymous_3)
DA:10,1
DA:12,10
DA:22,10
DA:23,10
DA:24,10
DA:29,10
DA:30,4
DA:31,4
DA:41,10
DA:42,1
DA:43,1
DA:44,1
DA:45,1
DA:47,1
DA:49,1
DA:52,1
DA:55,1
DA:65,1
DA:66,0
DA:70,1
DA:72,0
DA:73,0
DA:75,1
DA:79,10
LF:24
LH:21
BRDA:65,0,0,0
BRDA:65,0,1,1
BRDA:84,1,0,10
BRDA:84,1,1,1
BRDA:87,2,0,10
BRDA:87,2,1,0
BRDA:181,3,0,1
BRDA:181,3,1,8
BRF:8
BRH:6
end_of_record
